[2026-05-23T08:44:33.932Z] GET /api/system/status
[2026-05-23T09:22:11.934Z] GET /api/telemetry
[2026-05-23T09:22:11.939Z] GET /api/alerts
[2026-05-23T09:22:11.943Z] GET /api/escalation
[2026-05-23T09:22:11.946Z] GET /api/replay
[2026-05-23T09:22:11.948Z] GET /api/governance
[2026-05-23T09:22:11.950Z] GET /api/field
[2026-05-23T09:22:11.952Z] GET /api/health
[2026-05-23T09:22:11.955Z] GET /api/heatmap
[2026-05-23T09:22:11.958Z] GET /api/certainty
[2026-05-23T09:22:11.960Z] GET /api/telemetry
[2026-05-23T09:22:11.961Z] GET /api/alerts
[2026-05-23T09:22:11.963Z] GET /api/escalation
[2026-05-23T09:22:11.965Z] GET /api/replay
[2026-05-23T09:22:11.966Z] GET /api/governance
[2026-05-23T09:22:11.968Z] GET /api/field
[2026-05-23T09:22:11.970Z] GET /api/health
[2026-05-23T09:22:11.972Z] GET /api/heatmap
[2026-05-23T09:22:11.974Z] GET /api/certainty
[2026-05-23T09:24:34.821Z] GET /api/telemetry
[2026-05-23T09:24:34.824Z] GET /api/alerts
[2026-05-23T09:24:34.826Z] GET /api/escalation
[2026-05-23T09:24:34.828Z] GET /api/replay
[2026-05-23T09:24:34.831Z] GET /api/governance
[2026-05-23T09:24:34.835Z] GET /api/field
[2026-05-23T09:24:34.844Z] GET /api/health
[2026-05-23T09:24:34.846Z] GET /api/heatmap
[2026-05-23T09:24:34.850Z] GET /api/certainty
[2026-05-23T09:24:34.853Z] GET /api/telemetry
[2026-05-23T09:24:34.856Z] GET /api/alerts
[2026-05-23T09:24:34.858Z] GET /api/replay
[2026-05-23T09:24:34.861Z] GET /api/field
[2026-05-23T09:24:34.864Z] GET /api/governance
[2026-05-23T09:24:34.867Z] GET /api/escalation
[2026-05-23T09:24:34.870Z] GET /api/health
[2026-05-23T09:24:34.873Z] GET /api/heatmap
[2026-05-23T09:24:34.875Z] GET /api/certainty
[2026-05-23T09:24:37.655Z] GET /api/telemetry
[2026-05-23T09:24:37.658Z] GET /api/alerts
[2026-05-23T09:24:37.661Z] GET /api/escalation
[2026-05-23T09:24:37.668Z] GET /api/replay
[2026-05-23T09:24:37.672Z] GET /api/certainty
[2026-05-23T09:24:37.674Z] GET /api/field
[2026-05-23T09:24:37.676Z] GET /api/governance
[2026-05-23T09:24:37.679Z] GET /api/health
[2026-05-23T09:24:37.682Z] GET /api/heatmap
[2026-05-23T09:24:37.685Z] GET /api/telemetry
[2026-05-23T09:24:37.689Z] GET /api/alerts
[2026-05-23T09:24:37.691Z] GET /api/escalation
[2026-05-23T09:24:37.693Z] GET /api/replay
[2026-05-23T09:24:37.697Z] GET /api/certainty
[2026-05-23T09:24:37.700Z] GET /api/field
[2026-05-23T09:24:37.703Z] GET /api/health
[2026-05-23T09:24:37.706Z] GET /api/governance
[2026-05-23T09:24:37.708Z] GET /api/heatmap
[2026-05-23T09:25:01.784Z] GET /api/telemetry
[2026-05-23T09:25:01.787Z] GET /api/alerts
[2026-05-23T09:25:01.789Z] GET /api/escalation
[2026-05-23T09:25:01.790Z] GET /api/replay
[2026-05-23T09:25:01.791Z] GET /api/field
[2026-05-23T09:25:01.792Z] GET /api/governance
[2026-05-23T09:25:01.793Z] GET /api/health
[2026-05-23T09:25:01.794Z] GET /api/heatmap
[2026-05-23T09:25:01.795Z] GET /api/telemetry
[2026-05-23T09:25:01.796Z] GET /api/certainty
[2026-05-23T09:25:01.797Z] GET /api/alerts
[2026-05-23T09:25:01.798Z] GET /api/escalation
[2026-05-23T09:25:01.799Z] GET /api/replay
[2026-05-23T09:25:01.802Z] GET /api/field
[2026-05-23T09:25:01.803Z] GET /api/governance
[2026-05-23T09:25:01.807Z] GET /api/health
[2026-05-23T09:25:01.808Z] GET /api/heatmap
[2026-05-23T09:25:01.809Z] GET /api/certainty
[2026-05-23T09:25:05.466Z] GET /api/telemetry
[2026-05-23T09:25:05.469Z] GET /api/alerts
[2026-05-23T09:25:05.471Z] GET /api/escalation
[2026-05-23T09:25:05.475Z] GET /api/replay
[2026-05-23T09:25:05.481Z] GET /api/field
[2026-05-23T09:25:05.484Z] GET /api/governance
[2026-05-23T09:25:05.486Z] GET /api/health
[2026-05-23T09:25:05.489Z] GET /api/heatmap
[2026-05-23T09:25:05.491Z] GET /api/certainty
[2026-05-23T09:25:05.494Z] GET /api/telemetry
[2026-05-23T09:25:05.498Z] GET /api/alerts
[2026-05-23T09:25:05.500Z] GET /api/escalation
[2026-05-23T09:25:05.502Z] GET /api/replay
[2026-05-23T09:25:05.506Z] GET /api/field
[2026-05-23T09:25:05.511Z] GET /api/governance
[2026-05-23T09:25:05.514Z] GET /api/health
[2026-05-23T09:25:05.516Z] GET /api/certainty
[2026-05-23T09:25:05.518Z] GET /api/heatmap
[2026-05-23T09:25:06.588Z] GET /api/telemetry
[2026-05-23T09:25:06.591Z] GET /api/alerts
[2026-05-23T09:25:06.593Z] GET /api/escalation
[2026-05-23T09:25:06.597Z] GET /api/replay
[2026-05-23T09:25:06.600Z] GET /api/field
[2026-05-23T09:25:06.602Z] GET /api/governance
[2026-05-23T09:25:06.605Z] GET /api/health
[2026-05-23T09:25:06.608Z] GET /api/heatmap
[2026-05-23T09:25:06.609Z] GET /api/certainty
[2026-05-23T09:25:06.611Z] GET /api/telemetry
[2026-05-23T09:25:06.613Z] GET /api/alerts
[2026-05-23T09:25:06.615Z] GET /api/escalation
[2026-05-23T09:25:06.617Z] GET /api/replay
[2026-05-23T09:25:06.619Z] GET /api/field
[2026-05-23T09:25:06.621Z] GET /api/governance
[2026-05-23T09:25:06.624Z] GET /api/health
[2026-05-23T09:25:06.626Z] GET /api/heatmap
[2026-05-23T09:25:06.627Z] GET /api/certainty
[2026-05-23T09:25:07.207Z] GET /api/telemetry
[2026-05-23T09:25:07.212Z] GET /api/alerts
[2026-05-23T09:25:07.213Z] GET /api/escalation
[2026-05-23T09:25:07.223Z] GET /api/replay
[2026-05-23T09:25:07.227Z] GET /api/field
[2026-05-23T09:25:07.230Z] GET /api/governance
[2026-05-23T09:25:07.232Z] GET /api/health
[2026-05-23T09:25:07.237Z] GET /api/heatmap
[2026-05-23T09:25:07.240Z] GET /api/certainty
[2026-05-23T09:25:07.244Z] GET /api/telemetry
[2026-05-23T09:25:07.247Z] GET /api/alerts
[2026-05-23T09:25:07.249Z] GET /api/escalation
[2026-05-23T09:25:07.251Z] GET /api/replay
[2026-05-23T09:25:07.254Z] GET /api/field
[2026-05-23T09:25:07.259Z] GET /api/governance
[2026-05-23T09:25:07.261Z] GET /api/health
[2026-05-23T09:25:07.263Z] GET /api/heatmap
[2026-05-23T09:25:07.266Z] GET /api/certainty
[2026-05-23T09:25:07.893Z] GET /api/telemetry
[2026-05-23T09:25:07.895Z] GET /api/alerts
[2026-05-23T09:25:07.897Z] GET /api/escalation
[2026-05-23T09:25:07.900Z] GET /api/replay
[2026-05-23T09:25:07.907Z] GET /api/field
[2026-05-23T09:25:07.912Z] GET /api/governance
[2026-05-23T09:25:07.914Z] GET /api/health
[2026-05-23T09:25:07.917Z] GET /api/replay
[2026-05-23T09:25:07.921Z] GET /api/heatmap
[2026-05-23T09:25:07.925Z] GET /api/telemetry
[2026-05-23T09:25:07.927Z] GET /api/certainty
[2026-05-23T09:25:07.929Z] GET /api/alerts
[2026-05-23T09:25:07.931Z] GET /api/escalation
[2026-05-23T09:25:07.933Z] GET /api/field
[2026-05-23T09:25:07.937Z] GET /api/governance
[2026-05-23T09:25:07.941Z] GET /api/health
[2026-05-23T09:25:07.943Z] GET /api/heatmap
[2026-05-23T09:25:07.946Z] GET /api/certainty
[2026-05-23T09:25:08.524Z] GET /api/telemetry
[2026-05-23T09:25:08.526Z] GET /api/alerts
[2026-05-23T09:25:08.528Z] GET /api/escalation
[2026-05-23T09:25:08.530Z] GET /api/replay
[2026-05-23T09:25:08.532Z] GET /api/field
[2026-05-23T09:25:08.536Z] GET /api/governance
[2026-05-23T09:25:08.538Z] GET /api/health
[2026-05-23T09:25:08.539Z] GET /api/heatmap
[2026-05-23T09:25:08.541Z] GET /api/certainty
[2026-05-23T09:25:08.543Z] GET /api/telemetry
[2026-05-23T09:25:08.545Z] GET /api/alerts
[2026-05-23T09:25:08.550Z] GET /api/escalation
[2026-05-23T09:25:08.554Z] GET /api/replay
[2026-05-23T09:25:08.557Z] GET /api/field
[2026-05-23T09:25:08.559Z] GET /api/governance
[2026-05-23T09:25:08.561Z] GET /api/health
[2026-05-23T09:25:08.562Z] GET /api/heatmap
[2026-05-23T09:25:08.565Z] GET /api/certainty
[2026-05-23T09:25:08.686Z] GET /api/telemetry
[2026-05-23T09:25:08.692Z] GET /api/alerts
[2026-05-23T09:25:08.697Z] GET /api/escalation
[2026-05-23T09:25:08.699Z] GET /api/replay
[2026-05-23T09:25:08.702Z] GET /api/field
[2026-05-23T09:25:08.708Z] GET /api/governance
[2026-05-23T09:25:08.711Z] GET /api/health
[2026-05-23T09:25:08.713Z] GET /api/heatmap
[2026-05-23T09:25:08.714Z] GET /api/certainty
[2026-05-23T09:25:08.716Z] GET /api/telemetry
[2026-05-23T09:25:08.719Z] GET /api/alerts
[2026-05-23T09:25:08.722Z] GET /api/escalation
[2026-05-23T09:25:08.724Z] GET /api/replay
[2026-05-23T09:25:08.727Z] GET /api/field
[2026-05-23T09:25:08.729Z] GET /api/governance
[2026-05-23T09:25:08.731Z] GET /api/health
[2026-05-23T09:25:08.734Z] GET /api/heatmap
[2026-05-23T09:25:08.738Z] GET /api/certainty
[2026-05-23T09:25:08.875Z] GET /api/telemetry
[2026-05-23T09:25:08.880Z] GET /api/alerts
[2026-05-23T09:25:08.884Z] GET /api/escalation
[2026-05-23T09:25:08.894Z] GET /api/replay
[2026-05-23T09:25:08.898Z] GET /api/field
[2026-05-23T09:25:08.903Z] GET /api/governance
[2026-05-23T09:25:08.905Z] GET /api/telemetry
[2026-05-23T09:25:08.909Z] GET /api/health
[2026-05-23T09:25:08.911Z] GET /api/heatmap
[2026-05-23T09:25:08.913Z] GET /api/certainty
[2026-05-23T09:25:08.915Z] GET /api/alerts
[2026-05-23T09:25:08.918Z] GET /api/escalation
[2026-05-23T09:25:08.922Z] GET /api/replay
[2026-05-23T09:25:08.925Z] GET /api/field
[2026-05-23T09:25:08.927Z] GET /api/governance
[2026-05-23T09:25:08.929Z] GET /api/health
[2026-05-23T09:25:08.931Z] GET /api/heatmap
[2026-05-23T09:25:08.933Z] GET /api/certainty
[2026-05-23T09:25:09.062Z] GET /api/telemetry
[2026-05-23T09:25:09.065Z] GET /api/alerts
[2026-05-23T09:25:09.068Z] GET /api/escalation
[2026-05-23T09:25:09.071Z] GET /api/replay
[2026-05-23T09:25:09.076Z] GET /api/field
[2026-05-23T09:25:09.081Z] GET /api/governance
[2026-05-23T09:25:09.089Z] GET /api/health
[2026-05-23T09:25:09.095Z] GET /api/heatmap
[2026-05-23T09:25:09.099Z] GET /api/telemetry
[2026-05-23T09:25:09.103Z] GET /api/certainty
[2026-05-23T09:25:09.107Z] GET /api/alerts
[2026-05-23T09:25:09.110Z] GET /api/escalation
[2026-05-23T09:25:09.113Z] GET /api/replay
[2026-05-23T09:25:09.117Z] GET /api/field
[2026-05-23T09:25:09.120Z] GET /api/governance
[2026-05-23T09:25:09.126Z] GET /api/health
[2026-05-23T09:25:09.129Z] GET /api/heatmap
[2026-05-23T09:25:09.131Z] GET /api/certainty
[2026-05-23T09:25:10.026Z] GET /api/telemetry
[2026-05-23T09:25:10.029Z] GET /api/alerts
[2026-05-23T09:25:10.031Z] GET /api/escalation
[2026-05-23T09:25:10.037Z] GET /api/replay
[2026-05-23T09:25:10.050Z] GET /api/field
[2026-05-23T09:25:10.052Z] GET /api/telemetry
[2026-05-23T09:25:10.056Z] GET /api/alerts
[2026-05-23T09:25:10.059Z] GET /api/governance
[2026-05-23T09:25:10.062Z] GET /api/health
[2026-05-23T09:25:10.063Z] GET /api/heatmap
[2026-05-23T09:25:10.070Z] GET /api/certainty
[2026-05-23T09:25:10.074Z] GET /api/escalation
[2026-05-23T09:25:10.077Z] GET /api/replay
[2026-05-23T09:25:10.079Z] GET /api/field
[2026-05-23T09:25:10.080Z] GET /api/governance
[2026-05-23T09:25:10.085Z] GET /api/health
[2026-05-23T09:25:10.088Z] GET /api/heatmap
[2026-05-23T09:25:10.090Z] GET /api/certainty
[2026-05-23T09:25:10.209Z] GET /api/telemetry
[2026-05-23T09:25:10.211Z] GET /api/alerts
[2026-05-23T09:25:10.215Z] GET /api/escalation
[2026-05-23T09:25:10.221Z] GET /api/field
[2026-05-23T09:25:10.225Z] GET /api/telemetry
[2026-05-23T09:25:10.227Z] GET /api/replay
[2026-05-23T09:25:10.228Z] GET /api/governance
[2026-05-23T09:25:10.230Z] GET /api/health
[2026-05-23T09:25:10.232Z] GET /api/heatmap
[2026-05-23T09:25:10.235Z] GET /api/certainty
[2026-05-23T09:25:10.238Z] GET /api/alerts
[2026-05-23T09:25:10.241Z] GET /api/escalation
[2026-05-23T09:25:10.243Z] GET /api/field
[2026-05-23T09:25:10.244Z] GET /api/replay
[2026-05-23T09:25:10.246Z] GET /api/governance
[2026-05-23T09:25:10.249Z] GET /api/health
[2026-05-23T09:25:10.253Z] GET /api/heatmap
[2026-05-23T09:25:10.258Z] GET /api/certainty
[2026-05-23T09:25:10.621Z] GET /api/telemetry
[2026-05-23T09:25:10.625Z] GET /api/alerts
[2026-05-23T09:25:10.628Z] GET /api/escalation
[2026-05-23T09:25:10.640Z] GET /api/certainty
[2026-05-23T09:25:10.643Z] GET /api/replay
[2026-05-23T09:25:10.645Z] GET /api/field
[2026-05-23T09:25:10.650Z] GET /api/governance
[2026-05-23T09:25:10.654Z] GET /api/health
[2026-05-23T09:25:10.658Z] GET /api/heatmap
[2026-05-23T09:25:10.660Z] GET /api/telemetry
[2026-05-23T09:25:10.662Z] GET /api/alerts
[2026-05-23T09:25:10.664Z] GET /api/escalation
[2026-05-23T09:25:10.667Z] GET /api/certainty
[2026-05-23T09:25:10.671Z] GET /api/replay
[2026-05-23T09:25:10.674Z] GET /api/field
[2026-05-23T09:25:10.676Z] GET /api/governance
[2026-05-23T09:25:10.678Z] GET /api/health
[2026-05-23T09:25:10.679Z] GET /api/heatmap
[2026-05-23T09:26:40.511Z] GET /api/telemetry
[2026-05-23T09:26:40.520Z] GET /api/alerts
[2026-05-23T09:26:40.526Z] GET /api/escalation
[2026-05-23T09:26:40.530Z] GET /api/replay
[2026-05-23T09:26:40.533Z] GET /api/field
[2026-05-23T09:26:40.537Z] GET /api/governance
[2026-05-23T09:26:40.541Z] GET /api/telemetry
[2026-05-23T09:26:40.544Z] GET /api/health
[2026-05-23T09:26:40.547Z] GET /api/heatmap
[2026-05-23T09:26:40.549Z] GET /api/certainty
[2026-05-23T09:26:40.552Z] GET /api/alerts
[2026-05-23T09:26:40.555Z] GET /api/escalation
[2026-05-23T09:26:40.557Z] GET /api/replay
[2026-05-23T09:26:40.561Z] GET /api/field
[2026-05-23T09:26:40.565Z] GET /api/governance
[2026-05-23T09:26:40.571Z] GET /api/health
[2026-05-23T09:26:40.574Z] GET /api/heatmap
[2026-05-23T09:26:40.576Z] GET /api/certainty
[2026-05-23T09:26:43.144Z] GET /api/telemetry
[2026-05-23T09:26:43.146Z] GET /api/alerts
[2026-05-23T09:26:43.153Z] GET /api/escalation
[2026-05-23T09:26:43.160Z] GET /api/replay
[2026-05-23T09:26:43.162Z] GET /api/telemetry
[2026-05-23T09:26:43.168Z] GET /api/field
[2026-05-23T09:26:43.173Z] GET /api/governance
[2026-05-23T09:26:43.176Z] GET /api/health
[2026-05-23T09:26:43.178Z] GET /api/heatmap
[2026-05-23T09:26:43.180Z] GET /api/certainty
[2026-05-23T09:26:43.182Z] GET /api/alerts
[2026-05-23T09:26:43.186Z] GET /api/escalation
[2026-05-23T09:26:43.189Z] GET /api/replay
[2026-05-23T09:26:43.193Z] GET /api/field
[2026-05-23T09:26:43.195Z] GET /api/governance
[2026-05-23T09:26:43.197Z] GET /api/health
[2026-05-23T09:26:43.198Z] GET /api/heatmap
[2026-05-23T09:26:43.201Z] GET /api/certainty
[2026-05-23T09:26:43.966Z] GET /api/telemetry
[2026-05-23T09:26:43.970Z] GET /api/alerts
[2026-05-23T09:26:43.978Z] GET /api/escalation
[2026-05-23T09:26:43.982Z] GET /api/replay
[2026-05-23T09:26:43.985Z] GET /api/field
[2026-05-23T09:26:43.988Z] GET /api/governance
[2026-05-23T09:26:43.991Z] GET /api/health
[2026-05-23T09:26:43.995Z] GET /api/heatmap
[2026-05-23T09:26:43.996Z] GET /api/certainty
[2026-05-23T09:26:43.999Z] GET /api/telemetry
[2026-05-23T09:26:44.003Z] GET /api/alerts
[2026-05-23T09:26:44.006Z] GET /api/escalation
[2026-05-23T09:26:44.011Z] GET /api/replay
[2026-05-23T09:26:44.013Z] GET /api/field
[2026-05-23T09:26:44.016Z] GET /api/governance
[2026-05-23T09:26:44.018Z] GET /api/health
[2026-05-23T09:26:44.021Z] GET /api/heatmap
[2026-05-23T09:26:44.024Z] GET /api/certainty
[2026-05-23T09:26:45.212Z] GET /api/telemetry
[2026-05-23T09:26:45.217Z] GET /api/alerts
[2026-05-23T09:26:45.222Z] GET /api/escalation
[2026-05-23T09:26:45.227Z] GET /api/replay
[2026-05-23T09:26:45.230Z] GET /api/field
[2026-05-23T09:26:45.231Z] GET /api/governance
[2026-05-23T09:26:45.234Z] GET /api/certainty
[2026-05-23T09:26:45.236Z] GET /api/escalation
[2026-05-23T09:26:45.239Z] GET /api/health
[2026-05-23T09:26:45.242Z] GET /api/heatmap
[2026-05-23T09:26:45.247Z] GET /api/telemetry
[2026-05-23T09:26:45.249Z] GET /api/alerts
[2026-05-23T09:26:45.251Z] GET /api/replay
[2026-05-23T09:26:45.254Z] GET /api/field
[2026-05-23T09:26:45.257Z] GET /api/governance
[2026-05-23T09:26:45.259Z] GET /api/certainty
[2026-05-23T09:26:45.261Z] GET /api/health
[2026-05-23T09:26:45.262Z] GET /api/heatmap
[2026-05-23T09:26:45.497Z] GET /api/telemetry
[2026-05-23T09:26:45.500Z] GET /api/alerts
[2026-05-23T09:26:45.509Z] GET /api/escalation
[2026-05-23T09:26:45.512Z] GET /api/replay
[2026-05-23T09:26:45.515Z] GET /api/field
[2026-05-23T09:26:45.518Z] GET /api/governance
[2026-05-23T09:26:45.523Z] GET /api/heatmap
[2026-05-23T09:26:45.526Z] GET /api/health
[2026-05-23T09:26:45.529Z] GET /api/certainty
[2026-05-23T09:26:45.531Z] GET /api/telemetry
[2026-05-23T09:26:45.533Z] GET /api/alerts
[2026-05-23T09:26:45.537Z] GET /api/escalation
[2026-05-23T09:26:45.541Z] GET /api/replay
[2026-05-23T09:26:45.545Z] GET /api/field
[2026-05-23T09:26:45.548Z] GET /api/governance
[2026-05-23T09:26:45.551Z] GET /api/heatmap
[2026-05-23T09:26:45.554Z] GET /api/health
[2026-05-23T09:26:45.558Z] GET /api/certainty
[2026-05-23T09:26:45.711Z] GET /api/telemetry
[2026-05-23T09:26:45.714Z] GET /api/alerts
[2026-05-23T09:26:45.716Z] GET /api/escalation
[2026-05-23T09:26:45.722Z] GET /api/replay
[2026-05-23T09:26:45.728Z] GET /api/telemetry
[2026-05-23T09:26:45.730Z] GET /api/field
[2026-05-23T09:26:45.732Z] GET /api/governance
[2026-05-23T09:26:45.734Z] GET /api/health
[2026-05-23T09:26:45.738Z] GET /api/heatmap
[2026-05-23T09:26:45.741Z] GET /api/certainty
[2026-05-23T09:26:45.744Z] GET /api/alerts
[2026-05-23T09:26:45.747Z] GET /api/escalation
[2026-05-23T09:26:45.749Z] GET /api/replay
[2026-05-23T09:26:45.750Z] GET /api/field
[2026-05-23T09:26:45.752Z] GET /api/governance
[2026-05-23T09:26:45.756Z] GET /api/health
[2026-05-23T09:26:45.759Z] GET /api/heatmap
[2026-05-23T09:26:45.762Z] GET /api/certainty
[2026-05-23T09:26:45.871Z] GET /api/telemetry
[2026-05-23T09:26:45.874Z] GET /api/alerts
[2026-05-23T09:26:45.878Z] GET /api/escalation
[2026-05-23T09:26:45.880Z] GET /api/replay
[2026-05-23T09:26:45.886Z] GET /api/field
[2026-05-23T09:26:45.891Z] GET /api/governance
[2026-05-23T09:26:45.894Z] GET /api/health
[2026-05-23T09:26:45.898Z] GET /api/heatmap
[2026-05-23T09:26:45.900Z] GET /api/certainty
[2026-05-23T09:26:45.901Z] GET /api/telemetry
[2026-05-23T09:26:45.903Z] GET /api/alerts
[2026-05-23T09:26:45.905Z] GET /api/escalation
[2026-05-23T09:26:45.909Z] GET /api/replay
[2026-05-23T09:26:45.913Z] GET /api/field
[2026-05-23T09:26:45.916Z] GET /api/governance
[2026-05-23T09:26:45.919Z] GET /api/health
[2026-05-23T09:26:45.922Z] GET /api/heatmap
[2026-05-23T09:26:45.925Z] GET /api/certainty
[2026-05-23T09:26:46.032Z] GET /api/telemetry
[2026-05-23T09:26:46.036Z] GET /api/alerts
[2026-05-23T09:26:46.039Z] GET /api/escalation
[2026-05-23T09:26:46.043Z] GET /api/replay
[2026-05-23T09:26:46.046Z] GET /api/field
[2026-05-23T09:26:46.051Z] GET /api/governance
[2026-05-23T09:26:46.053Z] GET /api/health
[2026-05-23T09:26:46.056Z] GET /api/certainty
[2026-05-23T09:26:46.061Z] GET /api/telemetry
[2026-05-23T09:26:46.066Z] GET /api/heatmap
[2026-05-23T09:26:46.070Z] GET /api/alerts
[2026-05-23T09:26:46.073Z] GET /api/escalation
[2026-05-23T09:26:46.077Z] GET /api/replay
[2026-05-23T09:26:46.101Z] GET /api/field
[2026-05-23T09:26:46.111Z] GET /api/governance
[2026-05-23T09:26:46.115Z] GET /api/health
[2026-05-23T09:26:46.119Z] GET /api/certainty
[2026-05-23T09:26:46.123Z] GET /api/heatmap
[2026-05-23T09:26:46.216Z] GET /api/telemetry
[2026-05-23T09:26:46.220Z] GET /api/alerts
[2026-05-23T09:26:46.225Z] GET /api/escalation
[2026-05-23T09:26:46.229Z] GET /api/field
[2026-05-23T09:26:46.233Z] GET /api/replay
[2026-05-23T09:26:46.239Z] GET /api/health
[2026-05-23T09:26:46.244Z] GET /api/certainty
[2026-05-23T09:26:46.247Z] GET /api/governance
[2026-05-23T09:26:46.250Z] GET /api/heatmap
[2026-05-23T09:26:46.255Z] GET /api/telemetry
[2026-05-23T09:26:46.259Z] GET /api/alerts
[2026-05-23T09:26:46.263Z] GET /api/escalation
[2026-05-23T09:26:46.266Z] GET /api/field
[2026-05-23T09:26:46.269Z] GET /api/replay
[2026-05-23T09:26:46.275Z] GET /api/health
[2026-05-23T09:26:46.279Z] GET /api/certainty
[2026-05-23T09:26:46.282Z] GET /api/governance
[2026-05-23T09:26:46.286Z] GET /api/heatmap
[2026-05-23T09:27:01.775Z] GET /api/telemetry
[2026-05-23T09:27:01.778Z] GET /api/alerts
[2026-05-23T09:27:01.782Z] GET /api/governance
[2026-05-23T09:27:01.784Z] GET /api/escalation
[2026-05-23T09:27:01.786Z] GET /api/replay
[2026-05-23T09:27:01.788Z] GET /api/field
[2026-05-23T09:27:01.789Z] GET /api/health
[2026-05-23T09:27:01.791Z] GET /api/heatmap
[2026-05-23T09:27:01.792Z] GET /api/certainty
[2026-05-23T09:27:16.781Z] GET /api/telemetry
[2026-05-23T09:27:16.784Z] GET /api/alerts
[2026-05-23T09:27:16.785Z] GET /api/escalation
[2026-05-23T09:27:16.789Z] GET /api/replay
[2026-05-23T09:27:16.791Z] GET /api/governance
[2026-05-23T09:27:16.793Z] GET /api/field
[2026-05-23T09:27:16.794Z] GET /api/health
[2026-05-23T09:27:16.795Z] GET /api/heatmap
[2026-05-23T09:27:16.796Z] GET /api/certainty
[2026-05-23T09:27:31.778Z] GET /api/telemetry
[2026-05-23T09:27:31.793Z] GET /api/alerts
[2026-05-23T09:27:31.801Z] GET /api/escalation
[2026-05-23T09:27:31.807Z] GET /api/replay
[2026-05-23T09:27:31.810Z] GET /api/field
[2026-05-23T09:27:31.814Z] GET /api/governance
[2026-05-23T09:27:31.835Z] GET /api/health
[2026-05-23T09:27:31.838Z] GET /api/heatmap
[2026-05-23T09:27:31.860Z] GET /api/certainty
[2026-05-23T09:27:42.502Z] GET /api/certainty
[2026-05-23T09:27:46.779Z] GET /api/telemetry
[2026-05-23T09:27:46.781Z] GET /api/alerts
[2026-05-23T09:27:46.789Z] GET /api/escalation
[2026-05-23T09:27:46.793Z] GET /api/replay
[2026-05-23T09:27:46.802Z] GET /api/field
[2026-05-23T09:27:46.804Z] GET /api/governance
[2026-05-23T09:27:46.807Z] GET /api/health
[2026-05-23T09:27:46.809Z] GET /api/heatmap
[2026-05-23T09:27:46.810Z] GET /api/certainty
[2026-05-23T09:27:58.227Z] GET /api/telemetry
[2026-05-23T09:27:58.230Z] GET /api/alerts
[2026-05-23T09:27:58.239Z] GET /api/escalation
[2026-05-23T09:27:58.243Z] GET /api/replay
[2026-05-23T09:27:58.246Z] GET /api/telemetry
[2026-05-23T09:27:58.253Z] GET /api/alerts
[2026-05-23T09:27:58.257Z] GET /api/escalation
[2026-05-23T09:27:58.260Z] GET /api/replay
[2026-05-23T09:27:58.262Z] GET /api/field
[2026-05-23T09:27:58.264Z] GET /api/governance
[2026-05-23T09:27:58.268Z] GET /api/health
[2026-05-23T09:27:58.271Z] GET /api/heatmap
[2026-05-23T09:27:58.274Z] GET /api/certainty
[2026-05-23T09:27:58.276Z] GET /api/field
[2026-05-23T09:27:58.279Z] GET /api/governance
[2026-05-23T09:27:58.281Z] GET /api/health
[2026-05-23T09:27:58.284Z] GET /api/heatmap
[2026-05-23T09:27:58.287Z] GET /api/certainty
[2026-05-23T11:12:26.872Z] GET /api/replay
[2026-05-23T11:12:26.878Z] GET /api/replay
[2026-05-23T11:12:29.716Z] GET /api/replay
[2026-05-23T11:12:29.722Z] GET /api/replay
[2026-05-23T11:24:46.390Z] GET /api/replay
[2026-05-23T11:24:46.396Z] GET /api/replay
