[2026-06-05T07:15:27.451Z] GET /
[2026-06-05T07:15:28.208Z] GET /favicon.ico
[2026-06-05T07:15:41.746Z] GET /api/dashboard/summary
[2026-06-05T07:15:52.972Z] GET /api/signals/all
[2026-06-05T07:16:04.956Z] GET /api/incidents/all
[2026-06-05T07:16:18.772Z] GET /api/signals/create
[2026-06-05T07:16:58.254Z] POST /api/signals/create
[2026-06-05T07:17:03.997Z] GET /api/signals/create
[2026-06-05T07:17:04.748Z] GET /api/signals/create
[2026-06-05T07:17:05.202Z] GET /api/signals/create
[2026-06-05T07:17:05.364Z] GET /api/signals/create
[2026-06-05T07:17:05.538Z] GET /api/signals/create
[2026-06-05T07:17:05.690Z] GET /api/signals/create
[2026-06-05T07:17:05.838Z] GET /api/signals/create
[2026-06-05T07:17:05.996Z] GET /api/signals/create
[2026-06-05T07:17:06.184Z] GET /api/signals/create
[2026-06-05T07:19:52.845Z] POST /api/signals/create
[2026-06-05T07:20:04.191Z] GET /api/signals/create
[2026-06-05T07:20:04.227Z] GET /favicon.ico
[2026-06-05T07:20:05.232Z] GET /api/signals/create
[2026-06-05T07:20:05.884Z] GET /api/signals/create
[2026-06-05T07:20:06.060Z] GET /api/signals/create
[2026-06-05T07:20:06.227Z] GET /api/signals/create
[2026-06-05T07:34:54.782Z] GET /api/runtime/summary
[2026-06-05T07:34:54.797Z] GET /api/runtime/summary
[2026-06-05T07:34:54.903Z] GET /api/runtime/summary
[2026-06-05T07:34:54.912Z] GET /api/runtime/summary
[2026-06-05T07:35:00.130Z] GET /api/runtime/chain
[2026-06-05T07:35:00.136Z] GET /api/runtime/chain
[2026-06-05T07:35:04.183Z] GET /api/signals/all
[2026-06-05T07:35:04.188Z] GET /api/signals/all
[2026-06-05T07:35:06.876Z] GET /api/runtime/summary
[2026-06-05T07:35:06.884Z] GET /api/runtime/summary
[2026-06-05T07:45:26.590Z] GET /api/runtime/summary
[2026-06-05T07:45:26.597Z] GET /api/runtime/summary
[2026-06-05T07:45:36.664Z] GET /api/runtime/chain
[2026-06-05T07:45:36.668Z] GET /api/runtime/chain
[2026-06-05T07:45:39.890Z] GET /api/signals/all
[2026-06-05T07:45:39.894Z] GET /api/signals/all
[2026-06-05T07:45:41.800Z] GET /api/runtime/chain
[2026-06-05T07:45:41.805Z] GET /api/runtime/chain
[2026-06-05T07:53:41.495Z] GET /api/runtime/summary
[2026-06-05T07:53:41.497Z] GET /api/runtime/summary
[2026-06-05T07:53:53.205Z] GET /api/signals/all
[2026-06-05T07:53:53.209Z] GET /api/signals/all
[2026-06-05T07:59:14.781Z] GET /api/signals/all
[2026-06-05T08:00:11.597Z] GET /api/signals/all
[2026-06-05T08:00:11.599Z] GET /api/signals/all
[2026-06-05T08:03:38.139Z] GET /api/runtime/summary
[2026-06-05T08:03:38.146Z] GET /api/runtime/summary
[2026-06-05T08:03:43.981Z] GET /api/signals/all
[2026-06-05T08:03:43.984Z] GET /api/signals/all
[2026-06-05T08:06:30.893Z] GET /api/runtime/summary
[2026-06-05T08:06:30.894Z] GET /api/runtime/summary
[2026-06-05T08:06:37.036Z] GET /api/signals/all
[2026-06-05T08:06:37.038Z] GET /api/signals/all
[2026-06-05T08:06:45.758Z] GET /api/runtime/summary
[2026-06-05T08:06:45.760Z] GET /api/runtime/summary
[2026-06-05T08:08:44.031Z] GET /api/runtime/summary
[2026-06-05T08:08:44.036Z] GET /api/runtime/summary
[2026-06-05T08:08:45.405Z] GET /api/signals/all
[2026-06-05T08:08:45.409Z] GET /api/signals/all
[2026-06-05T08:25:13.932Z] GET /api/runtime/summary
[2026-06-05T08:25:13.939Z] GET /api/runtime/summary
[2026-06-05T09:02:51.212Z] GET /api/runtime/summary
[2026-06-05T09:02:51.234Z] GET /api/runtime/summary
[2026-06-05T09:03:32.546Z] GET /api/runtime/summary
[2026-06-05T09:03:32.555Z] GET /api/runtime/summary
[2026-06-05T09:05:46.262Z] GET /api/runtime/summary
[2026-06-05T09:05:46.268Z] GET /api/runtime/summary
[2026-06-05T09:05:48.713Z] GET /api/runtime/summary
[2026-06-05T09:05:48.718Z] GET /api/runtime/summary
[2026-06-05T09:07:36.219Z] GET /api/runtime/summary
[2026-06-05T09:07:36.228Z] GET /api/runtime/summary
[2026-06-05T09:07:44.617Z] GET /api/runtime/summary
[2026-06-05T09:07:44.623Z] GET /api/runtime/summary
[2026-06-05T09:34:55.049Z] GET /api/runtime/summary
[2026-06-05T09:34:55.057Z] GET /api/runtime/summary
[2026-06-05T09:41:20.702Z] GET /api/runtime/summary
[2026-06-05T09:41:20.708Z] GET /api/runtime/summary
