{"trace_id":"TRACE-k65i173i","source_type":"WEATHER","zone":"South Mumbai","timestamp":"2026-05-08T07:27:47.291Z"}
{"trace_id":"TRACE-6dwi79jt","source_type":"FLOODING","zone":"Kurla","timestamp":"2026-05-08T07:27:47.295Z"}
{"trace_id":"TRACE-2dgeehmj","source_type":"TRAFFIC","zone":"Bandra","timestamp":"2026-05-08T07:27:47.297Z"}
{"trace_id":"TRACE-jst605dk","source_type":"CIVIC_COMPLAINTS","zone":"Dadar","timestamp":"2026-05-08T07:27:47.301Z"}
{"trace_id":"TRACE-s0krede4","source_type":"WATER_SUPPLY","zone":"Andheri","timestamp":"2026-05-08T07:27:47.302Z"}
{"trace_id":"TRACE-udassp0s","source_type":"WASTE_OVERLOAD","zone":"Chembur","timestamp":"2026-05-08T07:27:47.303Z"}
{"trace_id":"TRACE-f4081733-9285-42e6-8871-90d491948f41","source_type":"WEATHER","zone":"South Mumbai","timestamp":"2026-05-08T07:29:22.169Z"}
{"trace_id":"TRACE-55f3bdbe-15fe-4b43-975a-c7fb53462d83","source_type":"FLOODING","zone":"Kurla","timestamp":"2026-05-08T07:29:22.173Z"}
{"trace_id":"TRACE-1393f9f1-375b-4dd4-b634-6aba248fd334","source_type":"TRAFFIC","zone":"Bandra","timestamp":"2026-05-08T07:29:22.174Z"}
{"trace_id":"TRACE-e0d538ad-75b0-4875-bc37-f699bdcf2e0b","source_type":"CIVIC_COMPLAINTS","zone":"Dadar","timestamp":"2026-05-08T07:29:22.176Z"}
{"trace_id":"TRACE-d3fa92aa-4e39-4209-8cb2-a4be944dbd3f","source_type":"WATER_SUPPLY","zone":"Andheri","timestamp":"2026-05-08T07:29:22.177Z"}
{"trace_id":"TRACE-90277c7e-b99f-438e-8311-a30be0a078e6","source_type":"WASTE_OVERLOAD","zone":"Chembur","timestamp":"2026-05-08T07:29:22.180Z"}
{"trace_id":"TRACE-89c44e98-a6e7-4f91-ada6-ddc6a8087bec","source_type":"WEATHER","zone":"South Mumbai","timestamp":"2026-05-08T07:29:23.282Z"}
{"trace_id":"TRACE-e42dff20-f863-4c21-88f1-48d356e0e4b1","source_type":"FLOODING","zone":"Kurla","timestamp":"2026-05-08T07:29:23.284Z"}
{"trace_id":"TRACE-16e38223-884b-430d-8179-abdffd0a36a0","source_type":"TRAFFIC","zone":"Bandra","timestamp":"2026-05-08T07:29:23.287Z"}
{"trace_id":"TRACE-a0f27ff7-460b-4550-970d-4a276d40e663","source_type":"CIVIC_COMPLAINTS","zone":"Dadar","timestamp":"2026-05-08T07:29:23.290Z"}
{"trace_id":"TRACE-66c4a974-febd-4b01-a34e-0ac77fd1ad65","source_type":"WATER_SUPPLY","zone":"Andheri","timestamp":"2026-05-08T07:29:23.293Z"}
{"trace_id":"TRACE-dae48bd9-71c3-4a9e-9a65-066ea237711c","source_type":"WASTE_OVERLOAD","zone":"Chembur","timestamp":"2026-05-08T07:29:23.296Z"}
{"trace_id":"TRACE-09660f95-0f67-49aa-96e9-b47dd41e403c","source_type":"WEATHER","zone":"South Mumbai","timestamp":"2026-05-08T10:33:15.911Z"}
{"trace_id":"TRACE-8ff50866-8858-4b7e-8631-5bc17061b116","source_type":"FLOODING","zone":"Kurla","timestamp":"2026-05-08T10:33:15.929Z"}
{"trace_id":"TRACE-5fcfc170-66f9-46b5-918b-4b95d5f88559","source_type":"TRAFFIC","zone":"Bandra","timestamp":"2026-05-08T10:33:15.934Z"}
{"trace_id":"TRACE-1be3bb64-763f-490b-b06d-a335fc92cb42","source_type":"CIVIC_COMPLAINTS","zone":"Dadar","timestamp":"2026-05-08T10:33:15.936Z"}
{"trace_id":"TRACE-f1e05dae-ae7d-4fa8-a28e-acd2a33fd6c7","source_type":"WATER_SUPPLY","zone":"Andheri","timestamp":"2026-05-08T10:33:15.943Z"}
{"trace_id":"TRACE-1ad9baa2-5e2b-46ec-b31c-bf83aebf7888","source_type":"WASTE_OVERLOAD","zone":"Chembur","timestamp":"2026-05-08T10:33:15.956Z"}
{"trace_id":"TRACE-bb1f11e9-ebfe-4d86-a445-b8cd8f3ece9d","source_type":"WEATHER","zone":"South Mumbai","timestamp":"2026-05-08T10:39:19.099Z"}
{"trace_id":"TRACE-c92b2d40-9618-400b-a3fa-d569bb5325a2","source_type":"FLOODING","zone":"Kurla","timestamp":"2026-05-08T10:39:19.103Z"}
{"trace_id":"TRACE-ae757ca5-d301-4714-886f-3de375a73675","source_type":"TRAFFIC","zone":"Bandra","timestamp":"2026-05-08T10:39:19.110Z"}
{"trace_id":"TRACE-5ed5e4d4-2b4a-45b1-b579-6c2216db0ccf","source_type":"CIVIC_COMPLAINTS","zone":"Dadar","timestamp":"2026-05-08T10:39:19.122Z"}
{"trace_id":"TRACE-bef457ef-73e6-4158-8f54-b5d1f63b43e6","source_type":"WATER_SUPPLY","zone":"Andheri","timestamp":"2026-05-08T10:39:19.125Z"}
{"trace_id":"TRACE-e1caef57-3bbc-42ec-8d88-8f8a71fe9645","source_type":"WASTE_OVERLOAD","zone":"Chembur","timestamp":"2026-05-08T10:39:19.127Z"}
{"trace_id":"TRACE-fc8d56d6-ea22-4a9d-8279-b30fc50b8898","source_type":"WEATHER","zone":"South Mumbai","timestamp":"2026-05-08T10:46:01.835Z"}
{"trace_id":"TRACE-a0dd0e58-72d2-47a5-b3da-d16949485e07","source_type":"FLOODING","zone":"Kurla","timestamp":"2026-05-08T10:46:01.841Z"}
{"trace_id":"TRACE-816e0d4f-d74f-42eb-b21d-193fa6090873","source_type":"TRAFFIC","zone":"Bandra","timestamp":"2026-05-08T10:46:01.959Z"}
{"trace_id":"TRACE-5a3d8040-0a5b-4943-a9d9-adbff0178cd5","source_type":"CIVIC_COMPLAINTS","zone":"Dadar","timestamp":"2026-05-08T10:46:01.962Z"}
{"trace_id":"TRACE-85ecae63-b1cd-419d-b982-55a08e54611b","source_type":"WATER_SUPPLY","zone":"Andheri","timestamp":"2026-05-08T10:46:01.988Z"}
{"trace_id":"TRACE-87a3b8de-f7fe-4999-97bd-42a53cf95164","source_type":"WASTE_OVERLOAD","zone":"Chembur","timestamp":"2026-05-08T10:46:01.999Z"}
{"trace_id":"TRACE-35455aa3-c9d9-4f4d-bcb1-05ccd0f5198e","source_type":"WEATHER","zone":"South Mumbai","timestamp":"2026-05-08T10:55:32.623Z"}
{"trace_id":"TRACE-ae516072-653c-4d6c-9dda-1f17deb901d1","source_type":"FLOODING","zone":"Kurla","timestamp":"2026-05-08T10:55:32.625Z"}
{"trace_id":"TRACE-09e3b559-e600-44b6-a3f8-256ecf32b91e","source_type":"TRAFFIC","zone":"Bandra","timestamp":"2026-05-08T10:55:32.628Z"}
{"trace_id":"TRACE-0f27b8a9-250a-4a9d-a420-d94302467e06","source_type":"CIVIC_COMPLAINTS","zone":"Dadar","timestamp":"2026-05-08T10:55:32.629Z"}
{"trace_id":"TRACE-d48aaea0-b7a0-4ee9-99d0-e898c6a35ee2","source_type":"WATER_SUPPLY","zone":"Andheri","timestamp":"2026-05-08T10:55:32.631Z"}
{"trace_id":"TRACE-f8892e4b-1945-4d97-b691-2570d3124245","source_type":"WASTE_OVERLOAD","zone":"Chembur","timestamp":"2026-05-08T10:55:32.632Z"}
{"trace_id":"TRACE-e16c2a03-a20a-442b-9db2-c0b660f760bb","source_type":"WEATHER","zone":"South Mumbai","timestamp":"2026-05-08T10:55:32.639Z"}
{"trace_id":"TRACE-86181efa-5abb-4e71-91d1-c15af22caa36","source_type":"FLOODING","zone":"Kurla","timestamp":"2026-05-08T10:55:32.640Z"}
{"trace_id":"TRACE-3189b410-4ae0-4f56-a65d-83c2281dfc63","source_type":"TRAFFIC","zone":"Bandra","timestamp":"2026-05-08T10:55:32.642Z"}
{"trace_id":"TRACE-47864db3-5c2d-4852-8f5d-d7213fd71557","source_type":"CIVIC_COMPLAINTS","zone":"Dadar","timestamp":"2026-05-08T10:55:32.644Z"}
{"trace_id":"TRACE-8829f559-1965-4094-813a-fe2e92216979","source_type":"WATER_SUPPLY","zone":"Andheri","timestamp":"2026-05-08T10:55:32.646Z"}
{"trace_id":"TRACE-2119c062-95e5-4b62-a233-194aeb8eb4c7","source_type":"WASTE_OVERLOAD","zone":"Chembur","timestamp":"2026-05-08T10:55:32.647Z"}
{"trace_id":"TRACE-8c9c1cdb-e315-40f4-bf31-fa22f98dc4f9","source_type":"WEATHER","zone":"South Mumbai","timestamp":"2026-05-08T11:04:42.646Z"}
{"trace_id":"TRACE-e0eae286-ef7a-4726-b99f-acf876cb3d46","source_type":"FLOODING","zone":"Kurla","timestamp":"2026-05-08T11:04:42.649Z"}
{"trace_id":"TRACE-5cfbf659-8281-4513-8db3-36ea8f4a6ead","source_type":"TRAFFIC","zone":"Bandra","timestamp":"2026-05-08T11:04:42.651Z"}
{"trace_id":"TRACE-c9aae141-8533-4693-9d65-697e7d423df6","source_type":"CIVIC_COMPLAINTS","zone":"Dadar","timestamp":"2026-05-08T11:04:42.654Z"}
{"trace_id":"TRACE-fb5160f3-9d0b-4d47-b084-8db8453644a8","source_type":"WATER_SUPPLY","zone":"Andheri","timestamp":"2026-05-08T11:04:42.657Z"}
{"trace_id":"TRACE-64812781-1ef7-4c86-b92d-d9e0bf006113","source_type":"WASTE_OVERLOAD","zone":"Chembur","timestamp":"2026-05-08T11:04:42.659Z"}
